#
# There is insufficient memory for the Java Runtime Environment to continue.
# Native memory allocation (malloc) failed to allocate 1770224 bytes for Chunk::new
# Possible reasons:
#   The system is out of physical RAM or swap space
#   The process is running with CompressedOops enabled, and the Java Heap may be blocking the growth of the native heap
# Possible solutions:
#   Reduce memory load on the system
#   Increase physical memory or swap space
#   Check if swap backing store is full
#   Decrease Java heap size (-Xmx/-Xms)
#   Decrease number of Java threads
#   Decrease Java thread stack sizes (-Xss)
#   Set larger code cache with -XX:ReservedCodeCacheSize=
#   JVM is running with Unscaled Compressed Oops mode in which the Java heap is
#     placed in the first 4GB address space. The Java Heap base address is the
#     maximum limit for the native heap growth. Please use -XX:HeapBaseMinAddress
#     to set the Java Heap base and to place the Java Heap above 4GB virtual address.
# This output file may be truncated or incomplete.
#
#  Out of Memory Error (arena.cpp:195), pid=3564, tid=11564
#
# JRE version: OpenJDK Runtime Environment (16.0.1+9) (build 16.0.1+9-24)
# Java VM: OpenJDK 64-Bit Server VM (16.0.1+9-24, mixed mode, tiered, compressed oops, compressed class ptrs, g1 gc, windows-amd64)
# No core dump will be written. Minidumps are not enabled by default on client versions of Windows
#

---------------  S U M M A R Y ------------

Command Line: -Dfile.encoding=UTF-8 -XX:+ShowCodeDetailsInExceptionMessages com.example.demo1status.Demo1StatusApplication

Host: Intel(R) Core(TM) i5-6198DU CPU @ 2.30GHz, 4 cores, 3G,  Windows 10 , 64 bit Build 19041 (10.0.19041.1706)
Time: Tue May 24 15:48:33 2022 SE Asia Standard Time elapsed time: 13.130126 seconds (0d 0h 0m 13s)

---------------  T H R E A D  ---------------

Current thread (0x000001aad4f38a20):  JavaThread "C2 CompilerThread0" daemon [_thread_in_native, id=11564, stack(0x0000006aee900000,0x0000006aeea00000)]


Current CompileTask:
C2:  13130 4831   !   4       org.springframework.core.annotation.AnnotationsScanner::processClassHierarchy (227 bytes)

Stack: [0x0000006aee900000,0x0000006aeea00000]
Native frames: (J=compiled Java code, j=interpreted, Vv=VM code, C=native code)
V  [jvm.dll+0x6687ca]
V  [jvm.dll+0x7ca3c9]
V  [jvm.dll+0x7cbb53]
V  [jvm.dll+0x7cc1b3]
V  [jvm.dll+0x242ea5]
V  [jvm.dll+0xadeca]
V  [jvm.dll+0xae5ac]
V  [jvm.dll+0x35af27]
V  [jvm.dll+0x1b9d3a]
V  [jvm.dll+0x216066]
V  [jvm.dll+0x215350]
V  [jvm.dll+0x1a1d9b]
V  [jvm.dll+0x2253a8]
V  [jvm.dll+0x2233ec]
V  [jvm.dll+0x780002]
V  [jvm.dll+0x779b4a]
V  [jvm.dll+0x667666]
C  [ucrtbase.dll+0x21bb2]
C  [KERNEL32.DLL+0x17034]
C  [ntdll.dll+0x52651]


---------------  P R O C E S S  ---------------

Threads class SMR info:
_java_thread_list=0x000001aad7d37cd0, length=13, elements={
0x000001aad4eff010, 0x000001aad4f00060, 0x000001aad4f352a0, 0x000001aad4f36bc0,
0x000001aad4f374d0, 0x000001aad4f37de0, 0x000001aad4f38a20, 0x000001aad4f6fcf0,
0x000001aad4f8e240, 0x000001aad5a205a0, 0x000001aad5a3bb80, 0x000001aad9046e00,
0x000001aad9047df0
}

Java Threads: ( => current thread )
  0x000001aad4eff010 JavaThread "Reference Handler" daemon [_thread_blocked, id=12884, stack(0x0000006aee300000,0x0000006aee400000)]
  0x000001aad4f00060 JavaThread "Finalizer" daemon [_thread_blocked, id=820, stack(0x0000006aee400000,0x0000006aee500000)]
  0x000001aad4f352a0 JavaThread "Signal Dispatcher" daemon [_thread_blocked, id=13160, stack(0x0000006aee500000,0x0000006aee600000)]
  0x000001aad4f36bc0 JavaThread "Attach Listener" daemon [_thread_blocked, id=12744, stack(0x0000006aee600000,0x0000006aee700000)]
  0x000001aad4f374d0 JavaThread "Service Thread" daemon [_thread_blocked, id=12980, stack(0x0000006aee700000,0x0000006aee800000)]
  0x000001aad4f37de0 JavaThread "Monitor Deflation Thread" daemon [_thread_blocked, id=8464, stack(0x0000006aee800000,0x0000006aee900000)]
=>0x000001aad4f38a20 JavaThread "C2 CompilerThread0" daemon [_thread_in_native, id=11564, stack(0x0000006aee900000,0x0000006aeea00000)]
  0x000001aad4f6fcf0 JavaThread "C1 CompilerThread0" daemon [_thread_blocked, id=13044, stack(0x0000006aeea00000,0x0000006aeeb00000)]
  0x000001aad4f8e240 JavaThread "Sweeper thread" daemon [_thread_blocked, id=11568, stack(0x0000006aeeb00000,0x0000006aeec00000)]
  0x000001aad5a205a0 JavaThread "Notification Thread" daemon [_thread_blocked, id=11928, stack(0x0000006aeec00000,0x0000006aeed00000)]
  0x000001aad5a3bb80 JavaThread "Common-Cleaner" daemon [_thread_blocked, id=13304, stack(0x0000006aeee00000,0x0000006aeef00000)]
  0x000001aad9046e00 JavaThread "mysql-cj-abandoned-connection-cleanup" daemon [_thread_blocked, id=12620, stack(0x0000006aef700000,0x0000006aef800000)]
  0x000001aad9047df0 JavaThread "DestroyJavaVM" [_thread_blocked, id=13128, stack(0x0000006aedc00000,0x0000006aedd00000)]

Other Threads:
  0x000001aad4ee9350 VMThread "VM Thread" [stack: 0x0000006aee200000,0x0000006aee300000] [id=5360]
  0x000001aad5a24ad0 WatcherThread [stack: 0x0000006aeed00000,0x0000006aeee00000] [id=12456]
  0x000001aabe043310 GCTaskThread "GC Thread#0" [stack: 0x0000006aedd00000,0x0000006aede00000] [id=13056]
  0x000001aad642a600 GCTaskThread "GC Thread#1" [stack: 0x0000006aeef00000,0x0000006aef000000] [id=11420]
  0x000001aad63092e0 GCTaskThread "GC Thread#2" [stack: 0x0000006aef000000,0x0000006aef100000] [id=11340]
  0x000001aad62c37a0 GCTaskThread "GC Thread#3" [stack: 0x0000006aef100000,0x0000006aef200000] [id=13020]
  0x000001aabe04c6c0 ConcurrentGCThread "G1 Main Marker" [stack: 0x0000006aede00000,0x0000006aedf00000] [id=12460]
  0x000001aabe0514d0 ConcurrentGCThread "G1 Conc#0" [stack: 0x0000006aedf00000,0x0000006aee000000] [id=1676]
  0x000001aabe08d260 ConcurrentGCThread "G1 Refine#0" [stack: 0x0000006aee000000,0x0000006aee100000] [id=12736]
  0x000001aad6175c40 ConcurrentGCThread "G1 Refine#1" [stack: 0x0000006aef200000,0x0000006aef300000] [id=1168]
  0x000001aabe08ec00 ConcurrentGCThread "G1 Service" [stack: 0x0000006aee100000,0x0000006aee200000] [id=7300]

Threads with active compile tasks:
C2 CompilerThread0    13188 4831   !   4       org.springframework.core.annotation.AnnotationsScanner::processClassHierarchy (227 bytes)

VM state: not at safepoint (normal execution)

VM Mutex/Monitor currently owned by a thread: None

Heap address: 0x00000000c2200000, size: 990 MB, Compressed Oops mode: 32-bit

CDS disabled.
Compressed class space mapped at: 0x0000000100000000-0x0000000140000000, reserved size: 1073741824
Narrow klass base: 0x0000000000000000, Narrow klass shift: 3, Narrow klass range: 0x140000000

GC Precious Log:
 CPUs: 4 total, 4 available
 Memory: 3957M
 Large Page Support: Disabled
 NUMA Support: Disabled
 Compressed Oops: Enabled (32-bit)
 Heap Region Size: 1M
 Heap Min Capacity: 8M
 Heap Initial Capacity: 62M
 Heap Max Capacity: 990M
 Pre-touch: Disabled
 Parallel Workers: 4
 Concurrent Workers: 1
 Concurrent Refinement Workers: 4
 Periodic GC: Disabled

Heap:
 garbage-first heap   total 58368K, used 34767K [0x00000000c2200000, 0x0000000100000000)
  region size 1024K, 16 young (16384K), 4 survivors (4096K)
 Metaspace       used 63835K, committed 64192K, reserved 1105920K
  class space    used 8118K, committed 8320K, reserved 1048576K

Heap Regions: E=young(eden), S=young(survivor), O=old, HS=humongous(starts), HC=humongous(continues), CS=collection set, F=free, OA=open archive, CA=closed archive, TAMS=top-at-mark-start (previous, next)
|   0|0x00000000c2200000, 0x00000000c2300000, 0x00000000c2300000|100%|HS|  |TAMS 0x00000000c2300000, 0x00000000c2200000| Complete 
|   1|0x00000000c2300000, 0x00000000c2400000, 0x00000000c2400000|100%| O|  |TAMS 0x00000000c2400000, 0x00000000c2300000| Untracked 
|   2|0x00000000c2400000, 0x00000000c2500000, 0x00000000c2500000|100%| O|  |TAMS 0x00000000c2500000, 0x00000000c2400000| Untracked 
|   3|0x00000000c2500000, 0x00000000c2600000, 0x00000000c2600000|100%| O|  |TAMS 0x00000000c2600000, 0x00000000c2500000| Untracked 
|   4|0x00000000c2600000, 0x00000000c2700000, 0x00000000c2700000|100%| O|  |TAMS 0x00000000c2700000, 0x00000000c2600000| Untracked 
|   5|0x00000000c2700000, 0x00000000c27d0a00, 0x00000000c2800000| 81%| O|  |TAMS 0x00000000c27d0a00, 0x00000000c2700000| Untracked 
|   6|0x00000000c2800000, 0x00000000c2900000, 0x00000000c2900000|100%| O|  |TAMS 0x00000000c2900000, 0x00000000c2800000| Untracked 
|   7|0x00000000c2900000, 0x00000000c2a00000, 0x00000000c2a00000|100%| O|  |TAMS 0x00000000c2a00000, 0x00000000c2900000| Untracked 
|   8|0x00000000c2a00000, 0x00000000c2b00000, 0x00000000c2b00000|100%| O|  |TAMS 0x00000000c2b00000, 0x00000000c2a00000| Untracked 
|   9|0x00000000c2b00000, 0x00000000c2c00000, 0x00000000c2c00000|100%| O|  |TAMS 0x00000000c2c00000, 0x00000000c2b00000| Untracked 
|  10|0x00000000c2c00000, 0x00000000c2d00000, 0x00000000c2d00000|100%| O|  |TAMS 0x00000000c2d00000, 0x00000000c2c00000| Untracked 
|  11|0x00000000c2d00000, 0x00000000c2e00000, 0x00000000c2e00000|100%| O|  |TAMS 0x00000000c2e00000, 0x00000000c2d00000| Untracked 
|  12|0x00000000c2e00000, 0x00000000c2f00000, 0x00000000c2f00000|100%| O|  |TAMS 0x00000000c2f00000, 0x00000000c2e00000| Untracked 
|  13|0x00000000c2f00000, 0x00000000c2feda00, 0x00000000c3000000| 92%| O|  |TAMS 0x00000000c2feda00, 0x00000000c2f00000| Untracked 
|  14|0x00000000c3000000, 0x00000000c3100000, 0x00000000c3100000|100%| O|  |TAMS 0x00000000c3100000, 0x00000000c3000000| Untracked 
|  15|0x00000000c3100000, 0x00000000c3200000, 0x00000000c3200000|100%| O|  |TAMS 0x00000000c3200000, 0x00000000c3100000| Untracked 
|  16|0x00000000c3200000, 0x00000000c3300000, 0x00000000c3300000|100%| O|  |TAMS 0x00000000c3300000, 0x00000000c3200000| Untracked 
|  17|0x00000000c3300000, 0x00000000c3400000, 0x00000000c3400000|100%| O|  |TAMS 0x00000000c3400000, 0x00000000c3300000| Untracked 
|  18|0x00000000c3400000, 0x00000000c3500000, 0x00000000c3500000|100%| O|  |TAMS 0x00000000c34d4400, 0x00000000c3400000| Untracked 
|  19|0x00000000c3500000, 0x00000000c3600000, 0x00000000c3600000|100%| O|  |TAMS 0x00000000c3500000, 0x00000000c3500000| Untracked 
|  20|0x00000000c3600000, 0x00000000c3600000, 0x00000000c3700000|  0%| F|  |TAMS 0x00000000c3600000, 0x00000000c3600000| Untracked 
|  21|0x00000000c3700000, 0x00000000c3700000, 0x00000000c3800000|  0%| F|  |TAMS 0x00000000c3700000, 0x00000000c3700000| Untracked 
|  22|0x00000000c3800000, 0x00000000c3800000, 0x00000000c3900000|  0%| F|  |TAMS 0x00000000c3800000, 0x00000000c3800000| Untracked 
|  23|0x00000000c3900000, 0x00000000c3900000, 0x00000000c3a00000|  0%| F|  |TAMS 0x00000000c3900000, 0x00000000c3900000| Untracked 
|  24|0x00000000c3a00000, 0x00000000c3a00000, 0x00000000c3b00000|  0%| F|  |TAMS 0x00000000c3a00000, 0x00000000c3a00000| Untracked 
|  25|0x00000000c3b00000, 0x00000000c3b00000, 0x00000000c3c00000|  0%| F|  |TAMS 0x00000000c3b00000, 0x00000000c3b00000| Untracked 
|  26|0x00000000c3c00000, 0x00000000c3c35a90, 0x00000000c3d00000| 20%| S|CS|TAMS 0x00000000c3c00000, 0x00000000c3c00000| Complete 
|  27|0x00000000c3d00000, 0x00000000c3e00000, 0x00000000c3e00000|100%| S|CS|TAMS 0x00000000c3d00000, 0x00000000c3d00000| Complete 
|  28|0x00000000c3e00000, 0x00000000c3f00000, 0x00000000c3f00000|100%| S|CS|TAMS 0x00000000c3e00000, 0x00000000c3e00000| Complete 
|  29|0x00000000c3f00000, 0x00000000c4000000, 0x00000000c4000000|100%| S|CS|TAMS 0x00000000c3f00000, 0x00000000c3f00000| Complete 
|  30|0x00000000c4000000, 0x00000000c4000000, 0x00000000c4100000|  0%| F|  |TAMS 0x00000000c4000000, 0x00000000c4000000| Untracked 
|  31|0x00000000c4100000, 0x00000000c4100000, 0x00000000c4200000|  0%| F|  |TAMS 0x00000000c4100000, 0x00000000c4100000| Untracked 
|  32|0x00000000c4200000, 0x00000000c4200000, 0x00000000c4300000|  0%| F|  |TAMS 0x00000000c4200000, 0x00000000c4200000| Untracked 
|  33|0x00000000c4300000, 0x00000000c4300000, 0x00000000c4400000|  0%| F|  |TAMS 0x00000000c4300000, 0x00000000c4300000| Untracked 
|  34|0x00000000c4400000, 0x00000000c4400000, 0x00000000c4500000|  0%| F|  |TAMS 0x00000000c4400000, 0x00000000c4400000| Untracked 
|  35|0x00000000c4500000, 0x00000000c4500000, 0x00000000c4600000|  0%| F|  |TAMS 0x00000000c4500000, 0x00000000c4500000| Untracked 
|  36|0x00000000c4600000, 0x00000000c4600000, 0x00000000c4700000|  0%| F|  |TAMS 0x00000000c4600000, 0x00000000c4600000| Untracked 
|  37|0x00000000c4700000, 0x00000000c4700000, 0x00000000c4800000|  0%| F|  |TAMS 0x00000000c4700000, 0x00000000c4700000| Untracked 
|  38|0x00000000c4800000, 0x00000000c4800000, 0x00000000c4900000|  0%| F|  |TAMS 0x00000000c4800000, 0x00000000c4800000| Untracked 
|  39|0x00000000c4900000, 0x00000000c4900000, 0x00000000c4a00000|  0%| F|  |TAMS 0x00000000c4900000, 0x00000000c4900000| Untracked 
|  40|0x00000000c4a00000, 0x00000000c4a00000, 0x00000000c4b00000|  0%| F|  |TAMS 0x00000000c4a00000, 0x00000000c4a00000| Untracked 
|  41|0x00000000c4b00000, 0x00000000c4b00000, 0x00000000c4c00000|  0%| F|  |TAMS 0x00000000c4b00000, 0x00000000c4b00000| Untracked 
|  42|0x00000000c4c00000, 0x00000000c4c00000, 0x00000000c4d00000|  0%| F|  |TAMS 0x00000000c4c00000, 0x00000000c4c00000| Untracked 
|  43|0x00000000c4d00000, 0x00000000c4d00000, 0x00000000c4e00000|  0%| F|  |TAMS 0x00000000c4d00000, 0x00000000c4d00000| Untracked 
|  44|0x00000000c4e00000, 0x00000000c4e00000, 0x00000000c4f00000|  0%| F|  |TAMS 0x00000000c4e00000, 0x00000000c4e00000| Untracked 
|  45|0x00000000c4f00000, 0x00000000c4f4b9c0, 0x00000000c5000000| 29%| E|  |TAMS 0x00000000c4f00000, 0x00000000c4f00000| Complete 
|  46|0x00000000c5000000, 0x00000000c5100000, 0x00000000c5100000|100%| E|CS|TAMS 0x00000000c5000000, 0x00000000c5000000| Complete 
|  47|0x00000000c5100000, 0x00000000c5200000, 0x00000000c5200000|100%| E|CS|TAMS 0x00000000c5100000, 0x00000000c5100000| Complete 
|  48|0x00000000c5200000, 0x00000000c5300000, 0x00000000c5300000|100%| E|CS|TAMS 0x00000000c5200000, 0x00000000c5200000| Complete 
|  49|0x00000000c5300000, 0x00000000c5400000, 0x00000000c5400000|100%| E|CS|TAMS 0x00000000c5300000, 0x00000000c5300000| Complete 
|  50|0x00000000c5400000, 0x00000000c5500000, 0x00000000c5500000|100%| E|CS|TAMS 0x00000000c5400000, 0x00000000c5400000| Complete 
|  51|0x00000000c5500000, 0x00000000c5600000, 0x00000000c5600000|100%| E|CS|TAMS 0x00000000c5500000, 0x00000000c5500000| Complete 
|  52|0x00000000c5600000, 0x00000000c5700000, 0x00000000c5700000|100%| E|CS|TAMS 0x00000000c5600000, 0x00000000c5600000| Complete 
|  53|0x00000000c5700000, 0x00000000c5800000, 0x00000000c5800000|100%| E|CS|TAMS 0x00000000c5700000, 0x00000000c5700000| Complete 
|  54|0x00000000c5800000, 0x00000000c5900000, 0x00000000c5900000|100%| E|CS|TAMS 0x00000000c5800000, 0x00000000c5800000| Complete 
|  59|0x00000000c5d00000, 0x00000000c5e00000, 0x00000000c5e00000|100%| E|CS|TAMS 0x00000000c5d00000, 0x00000000c5d00000| Complete 
|  61|0x00000000c5f00000, 0x00000000c6000000, 0x00000000c6000000|100%| E|CS|TAMS 0x00000000c5f00000, 0x00000000c5f00000| Complete 

Card table byte_map: [0x000001aad0770000,0x000001aad0960000] _byte_map_base: 0x000001aad015f000

Marking Bits (Prev, Next): (CMBitMap*) 0x000001aabe043950, (CMBitMap*) 0x000001aabe043910
 Prev Bits: [0x000001aad1ad0000, 0x000001aad2a48000)
 Next Bits: [0x000001aad0b50000, 0x000001aad1ac8000)

Polling page: 0x000001aabbff0000

Metaspace:

Usage:
  Non-class:     54.41 MB used.
      Class:      7.93 MB used.
       Both:     62.34 MB used.

Virtual space:
  Non-class space:       56.00 MB reserved,      54.56 MB ( 97%) committed,  7 nodes.
      Class space:        1.00 GB reserved,       8.12 MB ( <1%) committed,  1 nodes.
              Both:        1.05 GB reserved,      62.69 MB (  6%) committed. 

Chunk freelists:
   Non-Class:  653.00 KB
       Class:  3.89 MB
        Both:  4.53 MB

MaxMetaspaceSize: 17179869184.00 GB
CompressedClassSpaceSize: 1.00 GB
 - commit_granule_bytes: 65536.
 - commit_granule_words: 8192.
 - virtual_space_node_default_size: 1048576.
 - enlarge_chunks_in_place: 1.
 - new_chunks_are_fully_committed: 0.
 - uncommit_free_chunks: 1.
 - use_allocation_guard: 0.
 - handle_deallocations: 1.


Internal statistics:

num_allocs_failed_limit: 13.
num_arena_births: 434.
num_arena_deaths: 0.
num_vsnodes_births: 8.
num_vsnodes_deaths: 0.
num_space_committed: 1003.
num_space_uncommitted: 0.
num_chunks_returned_to_freelist: 13.
num_chunks_taken_from_freelist: 2371.
num_chunk_merges: 13.
num_chunk_splits: 1657.
num_chunks_enlarged: 1287.
num_purges: 0.

CodeHeap 'non-profiled nmethods': size=120000Kb used=2259Kb max_used=2259Kb free=117740Kb
 bounds [0x000001aac9050000, 0x000001aac92c0000, 0x000001aad0580000]
CodeHeap 'profiled nmethods': size=120000Kb used=9869Kb max_used=9869Kb free=110130Kb
 bounds [0x000001aac1b20000, 0x000001aac24d0000, 0x000001aac9050000]
CodeHeap 'non-nmethods': size=5760Kb used=1299Kb max_used=1358Kb free=4460Kb
 bounds [0x000001aac1580000, 0x000001aac17f0000, 0x000001aac1b20000]
 total_blobs=5513 nmethods=4901 adapters=523
 compilation: enabled
              stopped_count=0, restarted_count=0
 full_count=0

Compilation events (20 events):
Event: 13.088 Thread 0x000001aad4f6fcf0 4981       2       org.springframework.core.OrderComparator::findOrder (24 bytes)
Event: 13.088 Thread 0x000001aad4f6fcf0 nmethod 4981 0x000001aac24bb010 code [0x000001aac24bb1e0, 0x000001aac24bb4a8]
Event: 13.089 Thread 0x000001aad4f6fcf0 4982       2       org.springframework.boot.autoconfigure.condition.ConditionEvaluationReport$$Lambda$1143/0x0000000100814230::accept (20 bytes)
Event: 13.089 Thread 0x000001aad4f6fcf0 nmethod 4982 0x000001aac24bb610 code [0x000001aac24bb7c0, 0x000001aac24bb968]
Event: 13.089 Thread 0x000001aad4f6fcf0 4983       2       org.springframework.boot.autoconfigure.condition.ConditionEvaluationReport::lambda$addNoMatchOutcomeToAncestors$1 (54 bytes)
Event: 13.090 Thread 0x000001aad4f6fcf0 nmethod 4983 0x000001aac24bba90 code [0x000001aac24bbcc0, 0x000001aac24bc238]
Event: 13.095 Thread 0x000001aad4f6fcf0 4984 %     3       java.util.TreeMap::successor @ 18 (66 bytes)
Event: 13.095 Thread 0x000001aad4f6fcf0 nmethod 4984% 0x000001aac24bc590 code [0x000001aac24bc760, 0x000001aac24bcaf8]
Event: 13.095 Thread 0x000001aad4f6fcf0 4985       3       java.util.TreeMap::successor (66 bytes)
Event: 13.096 Thread 0x000001aad4f6fcf0 nmethod 4985 0x000001aac24bcc90 code [0x000001aac24bce60, 0x000001aac24bd1d8]
Event: 13.096 Thread 0x000001aad4f6fcf0 4986       1       org.springframework.boot.autoconfigure.condition.ConditionEvaluationReport$ConditionAndOutcome::getOutcome (5 bytes)
Event: 13.096 Thread 0x000001aad4f6fcf0 nmethod 4986 0x000001aac9284590 code [0x000001aac9284720, 0x000001aac92847f8]
Event: 13.097 Thread 0x000001aad4f6fcf0 4987       2       java.util.TreeMap::forEach (58 bytes)
Event: 13.098 Thread 0x000001aad4f6fcf0 nmethod 4987 0x000001aac24bd310 code [0x000001aac24bd500, 0x000001aac24bd8d8]
Event: 13.099 Thread 0x000001aad4f6fcf0 4988 %     3       java.util.TreeMap::forEach @ 15 (58 bytes)
Event: 13.099 Thread 0x000001aad4f6fcf0 nmethod 4988% 0x000001aac24bdb10 code [0x000001aac24bdd20, 0x000001aac24be438]
Event: 13.100 Thread 0x000001aad4f6fcf0 4989       2       org.springframework.boot.autoconfigure.condition.ConditionEvaluationReport$$Lambda$1142/0x0000000100814000::accept (16 bytes)
Event: 13.100 Thread 0x000001aad4f6fcf0 nmethod 4989 0x000001aac24be710 code [0x000001aac24be8c0, 0x000001aac24bea98]
Event: 13.100 Thread 0x000001aad4f6fcf0 4990       2       org.springframework.boot.autoconfigure.condition.ConditionEvaluationReport::lambda$getConditionAndOutcomesBySource$0 (13 bytes)
Event: 13.100 Thread 0x000001aad4f6fcf0 nmethod 4990 0x000001aac24bec10 code [0x000001aac24bedc0, 0x000001aac24bef18]

GC Heap History (20 events):
Event: 3.119 GC heap before
{Heap before GC invocations=7 (full 0):
 garbage-first heap   total 38912K, used 25781K [0x00000000c2200000, 0x0000000100000000)
  region size 1024K, 19 young (19456K), 2 survivors (2048K)
 Metaspace       used 24906K, committed 25088K, reserved 1073152K
  class space    used 2717K, committed 2816K, reserved 1048576K
}
Event: 3.124 GC heap after
{Heap after GC invocations=8 (full 0):
 garbage-first heap   total 38912K, used 10109K [0x00000000c2200000, 0x0000000100000000)
  region size 1024K, 2 young (2048K), 2 survivors (2048K)
 Metaspace       used 24906K, committed 25088K, reserved 1073152K
  class space    used 2717K, committed 2816K, reserved 1048576K
}
Event: 3.809 GC heap before
{Heap before GC invocations=8 (full 0):
 garbage-first heap   total 38912K, used 27517K [0x00000000c2200000, 0x0000000100000000)
  region size 1024K, 20 young (20480K), 2 survivors (2048K)
 Metaspace       used 26984K, committed 27264K, reserved 1073152K
  class space    used 2966K, committed 3072K, reserved 1048576K
}
Event: 3.817 GC heap after
{Heap after GC invocations=9 (full 0):
 garbage-first heap   total 62464K, used 10725K [0x00000000c2200000, 0x0000000100000000)
  region size 1024K, 2 young (2048K), 2 survivors (2048K)
 Metaspace       used 26984K, committed 27264K, reserved 1073152K
  class space    used 2966K, committed 3072K, reserved 1048576K
}
Event: 5.189 GC heap before
{Heap before GC invocations=9 (full 0):
 garbage-first heap   total 62464K, used 45541K [0x00000000c2200000, 0x0000000100000000)
  region size 1024K, 36 young (36864K), 2 survivors (2048K)
 Metaspace       used 34237K, committed 34496K, reserved 1081344K
  class space    used 3921K, committed 4032K, reserved 1048576K
}
Event: 5.201 GC heap after
{Heap after GC invocations=10 (full 0):
 garbage-first heap   total 62464K, used 14055K [0x00000000c2200000, 0x0000000100000000)
  region size 1024K, 5 young (5120K), 5 survivors (5120K)
 Metaspace       used 34237K, committed 34496K, reserved 1081344K
  class space    used 3921K, committed 4032K, reserved 1048576K
}
Event: 5.211 GC heap before
{Heap before GC invocations=10 (full 0):
 garbage-first heap   total 62464K, used 44775K [0x00000000c2200000, 0x0000000100000000)
  region size 1024K, 36 young (36864K), 5 survivors (5120K)
 Metaspace       used 34237K, committed 34496K, reserved 1081344K
  class space    used 3921K, committed 4032K, reserved 1048576K
}
Event: 5.221 GC heap after
{Heap after GC invocations=11 (full 0):
 garbage-first heap   total 62464K, used 14137K [0x00000000c2200000, 0x0000000100000000)
  region size 1024K, 1 young (1024K), 1 survivors (1024K)
 Metaspace       used 34237K, committed 34496K, reserved 1081344K
  class space    used 3921K, committed 4032K, reserved 1048576K
}
Event: 5.453 GC heap before
{Heap before GC invocations=11 (full 0):
 garbage-first heap   total 62464K, used 28473K [0x00000000c2200000, 0x0000000100000000)
  region size 1024K, 17 young (17408K), 1 survivors (1024K)
 Metaspace       used 35361K, committed 35648K, reserved 1081344K
  class space    used 4065K, committed 4224K, reserved 1048576K
}
Event: 5.455 GC heap after
{Heap after GC invocations=12 (full 0):
 garbage-first heap   total 62464K, used 14861K [0x00000000c2200000, 0x0000000100000000)
  region size 1024K, 1 young (1024K), 1 survivors (1024K)
 Metaspace       used 35361K, committed 35648K, reserved 1081344K
  class space    used 4065K, committed 4224K, reserved 1048576K
}
Event: 8.237 GC heap before
{Heap before GC invocations=13 (full 0):
 garbage-first heap   total 58368K, used 48653K [0x00000000c2200000, 0x0000000100000000)
  region size 1024K, 34 young (34816K), 1 survivors (1024K)
 Metaspace       used 43706K, committed 43968K, reserved 1089536K
  class space    used 5294K, committed 5440K, reserved 1048576K
}
Event: 8.242 GC heap after
{Heap after GC invocations=14 (full 0):
 garbage-first heap   total 58368K, used 16823K [0x00000000c2200000, 0x0000000100000000)
  region size 1024K, 3 young (3072K), 3 survivors (3072K)
 Metaspace       used 43706K, committed 43968K, reserved 1089536K
  class space    used 5294K, committed 5440K, reserved 1048576K
}
Event: 10.024 GC heap before
{Heap before GC invocations=14 (full 0):
 garbage-first heap   total 58368K, used 46519K [0x00000000c2200000, 0x0000000100000000)
  region size 1024K, 32 young (32768K), 3 survivors (3072K)
 Metaspace       used 50929K, committed 51264K, reserved 1097728K
  class space    used 6235K, committed 6400K, reserved 1048576K
}
Event: 10.030 GC heap after
{Heap after GC invocations=15 (full 0):
 garbage-first heap   total 58368K, used 19094K [0x00000000c2200000, 0x0000000100000000)
  region size 1024K, 4 young (4096K), 4 survivors (4096K)
 Metaspace       used 50929K, committed 51264K, reserved 1097728K
  class space    used 6235K, committed 6400K, reserved 1048576K
}
Event: 10.978 GC heap before
{Heap before GC invocations=15 (full 0):
 garbage-first heap   total 58368K, used 44694K [0x00000000c2200000, 0x0000000100000000)
  region size 1024K, 30 young (30720K), 4 survivors (4096K)
 Metaspace       used 56407K, committed 56768K, reserved 1105920K
  class space    used 7082K, committed 7232K, reserved 1048576K
}
Event: 10.984 GC heap after
{Heap after GC invocations=16 (full 0):
 garbage-first heap   total 58368K, used 20613K [0x00000000c2200000, 0x0000000100000000)
  region size 1024K, 2 young (2048K), 2 survivors (2048K)
 Metaspace       used 56407K, committed 56768K, reserved 1105920K
  class space    used 7082K, committed 7232K, reserved 1048576K
}
Event: 11.588 GC heap before
{Heap before GC invocations=16 (full 0):
 garbage-first heap   total 58368K, used 34949K [0x00000000c2200000, 0x0000000100000000)
  region size 1024K, 17 young (17408K), 2 survivors (2048K)
 Metaspace       used 59534K, committed 59840K, reserved 1105920K
  class space    used 7471K, committed 7616K, reserved 1048576K
}
Event: 11.593 GC heap after
{Heap after GC invocations=17 (full 0):
 garbage-first heap   total 58368K, used 21492K [0x00000000c2200000, 0x0000000100000000)
  region size 1024K, 3 young (3072K), 3 survivors (3072K)
 Metaspace       used 59534K, committed 59840K, reserved 1105920K
  class space    used 7471K, committed 7616K, reserved 1048576K
}
Event: 12.583 GC heap before
{Heap before GC invocations=18 (full 0):
 garbage-first heap   total 58368K, used 46068K [0x00000000c2200000, 0x0000000100000000)
  region size 1024K, 27 young (27648K), 3 survivors (3072K)
 Metaspace       used 62420K, committed 62784K, reserved 1105920K
  class space    used 7925K, committed 8064K, reserved 1048576K
}
Event: 12.591 GC heap after
{Heap after GC invocations=19 (full 0):
 garbage-first heap   total 58368K, used 23503K [0x00000000c2200000, 0x0000000100000000)
  region size 1024K, 4 young (4096K), 4 survivors (4096K)
 Metaspace       used 62420K, committed 62784K, reserved 1105920K
  class space    used 7925K, committed 8064K, reserved 1048576K
}

Deoptimization events (20 events):
Event: 12.877 Thread 0x000001aabe0199a0 DEOPT PACKING pc=0x000001aac90c1e00 sp=0x0000006aedcfab90
Event: 12.877 Thread 0x000001aabe0199a0 DEOPT UNPACKING pc=0x000001aac15cd72e sp=0x0000006aedcfab08 mode 2
Event: 12.877 Thread 0x000001aabe0199a0 Uncommon trap: trap_request=0xffffffde fr.pc=0x000001aac90c1e00 relative=0x0000000000000140
Event: 12.877 Thread 0x000001aabe0199a0 Uncommon trap: reason=class_check action=maybe_recompile pc=0x000001aac90c1e00 method=org.springframework.boot.context.properties.source.ConfigurationPropertyName$Elements.charAt(II)C @ 43 c2
Event: 12.877 Thread 0x000001aabe0199a0 DEOPT PACKING pc=0x000001aac90c1e00 sp=0x0000006aedcfab90
Event: 12.877 Thread 0x000001aabe0199a0 DEOPT UNPACKING pc=0x000001aac15cd72e sp=0x0000006aedcfab08 mode 2
Event: 12.909 Thread 0x000001aabe0199a0 Uncommon trap: trap_request=0xfffffff4 fr.pc=0x000001aac916dc8c relative=0x000000000000024c
Event: 12.909 Thread 0x000001aabe0199a0 Uncommon trap: reason=null_check action=make_not_entrant pc=0x000001aac916dc8c method=org.springframework.util.ClassUtils.isAssignable(Ljava/lang/Class;Ljava/lang/Class;)Z @ 14 c2
Event: 12.909 Thread 0x000001aabe0199a0 DEOPT PACKING pc=0x000001aac916dc8c sp=0x0000006aedcfe5f0
Event: 12.909 Thread 0x000001aabe0199a0 DEOPT UNPACKING pc=0x000001aac15cd72e sp=0x0000006aedcfe580 mode 2
Event: 13.032 Thread 0x000001aad90478a0 DEOPT PACKING pc=0x000001aac1e79202 sp=0x0000006aefaff060
Event: 13.032 Thread 0x000001aad90478a0 DEOPT UNPACKING pc=0x000001aac15cdece sp=0x0000006aefafe4f0 mode 3
Event: 13.043 Thread 0x000001aad9047df0 DEOPT PACKING pc=0x000001aac231cbde sp=0x0000006aefbfe360
Event: 13.043 Thread 0x000001aad9047df0 DEOPT UNPACKING pc=0x000001aac15cdece sp=0x0000006aefbfd790 mode 0
Event: 13.048 Thread 0x000001aad9047df0 DEOPT PACKING pc=0x000001aac231cc11 sp=0x0000006aefbfe3e0
Event: 13.048 Thread 0x000001aad9047df0 DEOPT UNPACKING pc=0x000001aac15cdece sp=0x0000006aefbfd810 mode 0
Event: 13.060 Thread 0x000001aabe0199a0 Uncommon trap: trap_request=0xffffff45 fr.pc=0x000001aac90d1280 relative=0x0000000000000060
Event: 13.060 Thread 0x000001aabe0199a0 Uncommon trap: reason=unstable_if action=reinterpret pc=0x000001aac90d1280 method=org.springframework.util.ConcurrentReferenceHashMap$Segment.clear()V @ 7 c2
Event: 13.060 Thread 0x000001aabe0199a0 DEOPT PACKING pc=0x000001aac90d1280 sp=0x0000006aedcfefb0
Event: 13.060 Thread 0x000001aabe0199a0 DEOPT UNPACKING pc=0x000001aac15cd72e sp=0x0000006aedcfef40 mode 2

Classes unloaded (0 events):
No events

Classes redefined (0 events):
No events

Internal exceptions (20 events):
Event: 13.042 Thread 0x000001aad9047df0 Exception <a 'java/io/IOException'{0x00000000c5116dd0}> (0x00000000c5116dd0) 
thrown [t:\workspace\open\src\hotspot\share\prims\jni.cpp, line 579]
Event: 13.043 Thread 0x000001aad9047df0 Exception <a 'java/io/IOException'{0x00000000c51189d8}> (0x00000000c51189d8) 
thrown [t:\workspace\open\src\hotspot\share\prims\jni.cpp, line 579]
Event: 13.043 Thread 0x000001aad9047df0 Exception <a 'java/io/IOException'{0x00000000c51192e8}> (0x00000000c51192e8) 
thrown [t:\workspace\open\src\hotspot\share\prims\jni.cpp, line 579]
Event: 13.044 Thread 0x000001aad9047df0 Exception <a 'java/io/IOException'{0x00000000c511ade0}> (0x00000000c511ade0) 
thrown [t:\workspace\open\src\hotspot\share\prims\jni.cpp, line 579]
Event: 13.045 Thread 0x000001aad9047df0 Exception <a 'java/io/IOException'{0x00000000c511b6f0}> (0x00000000c511b6f0) 
thrown [t:\workspace\open\src\hotspot\share\prims\jni.cpp, line 579]
Event: 13.045 Thread 0x000001aad9047df0 Exception <a 'java/io/IOException'{0x00000000c511d1e8}> (0x00000000c511d1e8) 
thrown [t:\workspace\open\src\hotspot\share\prims\jni.cpp, line 579]
Event: 13.045 Thread 0x000001aad9047df0 Exception <a 'java/io/IOException'{0x00000000c511daf8}> (0x00000000c511daf8) 
thrown [t:\workspace\open\src\hotspot\share\prims\jni.cpp, line 579]
Event: 13.046 Thread 0x000001aad9047df0 Exception <a 'java/io/IOException'{0x00000000c511f5f0}> (0x00000000c511f5f0) 
thrown [t:\workspace\open\src\hotspot\share\prims\jni.cpp, line 579]
Event: 13.046 Thread 0x000001aad9047df0 Exception <a 'java/io/IOException'{0x00000000c511ff00}> (0x00000000c511ff00) 
thrown [t:\workspace\open\src\hotspot\share\prims\jni.cpp, line 579]
Event: 13.046 Thread 0x000001aad9047df0 Exception <a 'java/io/IOException'{0x00000000c51219f8}> (0x00000000c51219f8) 
thrown [t:\workspace\open\src\hotspot\share\prims\jni.cpp, line 579]
Event: 13.047 Thread 0x000001aad9047df0 Exception <a 'java/io/IOException'{0x00000000c5122308}> (0x00000000c5122308) 
thrown [t:\workspace\open\src\hotspot\share\prims\jni.cpp, line 579]
Event: 13.048 Thread 0x000001aad9047df0 Exception <a 'java/io/IOException'{0x00000000c5123e00}> (0x00000000c5123e00) 
thrown [t:\workspace\open\src\hotspot\share\prims\jni.cpp, line 579]
Event: 13.048 Thread 0x000001aad9047df0 Exception <a 'java/io/IOException'{0x00000000c5124710}> (0x00000000c5124710) 
thrown [t:\workspace\open\src\hotspot\share\prims\jni.cpp, line 579]
Event: 13.050 Thread 0x000001aad9047df0 Exception <a 'java/io/IOException'{0x00000000c5126208}> (0x00000000c5126208) 
thrown [t:\workspace\open\src\hotspot\share\prims\jni.cpp, line 579]
Event: 13.050 Thread 0x000001aad9047df0 Exception <a 'java/io/IOException'{0x00000000c5126b18}> (0x00000000c5126b18) 
thrown [t:\workspace\open\src\hotspot\share\prims\jni.cpp, line 579]
Event: 13.054 Thread 0x000001aad9047df0 Exception <a 'java/io/IOException'{0x00000000c5128610}> (0x00000000c5128610) 
thrown [t:\workspace\open\src\hotspot\share\prims\jni.cpp, line 579]
Event: 13.054 Thread 0x000001aad9047df0 Exception <a 'java/io/IOException'{0x00000000c5128f20}> (0x00000000c5128f20) 
thrown [t:\workspace\open\src\hotspot\share\prims\jni.cpp, line 579]
Event: 13.055 Thread 0x000001aad9047df0 Exception <a 'java/io/IOException'{0x00000000c512aa18}> (0x00000000c512aa18) 
thrown [t:\workspace\open\src\hotspot\share\prims\jni.cpp, line 579]
Event: 13.055 Thread 0x000001aad9047df0 Exception <a 'java/io/IOException'{0x00000000c512b328}> (0x00000000c512b328) 
thrown [t:\workspace\open\src\hotspot\share\prims\jni.cpp, line 579]
Event: 13.082 Thread 0x000001aad90468b0 Exception <a 'java/lang/InterruptedException'{0x00000000c519ef20}: sleep interrupted> (0x00000000c519ef20) 
thrown [t:\workspace\open\src\hotspot\share\prims\jvm.cpp, line 3305]

Events (20 events):
Event: 13.042 loading class javax/crypto/AEADBadTagException
Event: 13.042 loading class javax/crypto/AEADBadTagException done
Event: 13.056 Thread 0x000001aad9047df0 Thread exited: 0x000001aad9047df0
Event: 13.078 loading class java/beans/ThreadGroupContext
Event: 13.079 loading class java/beans/ThreadGroupContext done
Event: 13.079 loading class java/beans/ThreadGroupContext$1
Event: 13.079 loading class java/beans/WeakIdentityMap
Event: 13.079 loading class java/beans/WeakIdentityMap done
Event: 13.079 loading class java/beans/ThreadGroupContext$1 done
Event: 13.079 loading class java/beans/WeakIdentityMap$Entry
Event: 13.079 loading class java/beans/WeakIdentityMap$Entry done
Event: 13.080 loading class java/util/WeakHashMap$KeyIterator
Event: 13.080 loading class java/util/WeakHashMap$HashIterator
Event: 13.080 loading class java/util/WeakHashMap$HashIterator done
Event: 13.080 loading class java/util/WeakHashMap$KeyIterator done
Event: 13.082 Thread 0x000001aad90468b0 Thread exited: 0x000001aad90468b0
Event: 13.083 loading class javax/management/ObjectName$PatternProperty
Event: 13.083 loading class javax/management/ObjectName$PatternProperty done
Event: 13.110 Thread 0x000001aad9046360 Thread exited: 0x000001aad9046360
Event: 13.111 Thread 0x000001aad90458c0 Thread exited: 0x000001aad90458c0


Dynamic libraries:
0x00007ff7ad3c0000 - 0x00007ff7ad3ce000 	D:\sts-4.11.0.RELEASE\plugins\org.eclipse.justj.openjdk.hotspot.jre.full.win32.x86_64_16.0.1.v20210528-1205\jre\bin\javaw.exe
0x00007fff1e270000 - 0x00007fff1e465000 	C:\WINDOWS\SYSTEM32\ntdll.dll
0x00007fff1d990000 - 0x00007fff1da4d000 	C:\WINDOWS\System32\KERNEL32.DLL
0x00007fff1bc40000 - 0x00007fff1bf0d000 	C:\WINDOWS\System32\KERNELBASE.dll
0x00007fff1c1c0000 - 0x00007fff1c2c0000 	C:\WINDOWS\System32\ucrtbase.dll
0x00007ffebfb30000 - 0x00007ffebfb48000 	D:\sts-4.11.0.RELEASE\plugins\org.eclipse.justj.openjdk.hotspot.jre.full.win32.x86_64_16.0.1.v20210528-1205\jre\bin\jli.dll
0x00007ffebfb10000 - 0x00007ffebfb29000 	D:\sts-4.11.0.RELEASE\plugins\org.eclipse.justj.openjdk.hotspot.jre.full.win32.x86_64_16.0.1.v20210528-1205\jre\bin\VCRUNTIME140.dll
0x00007fff1d5c0000 - 0x00007fff1d760000 	C:\WINDOWS\System32\USER32.dll
0x00007fff1bb80000 - 0x00007fff1bba2000 	C:\WINDOWS\System32\win32u.dll
0x00007fff1cb20000 - 0x00007fff1cb4a000 	C:\WINDOWS\System32\GDI32.dll
0x00007fff1bf80000 - 0x00007fff1c08b000 	C:\WINDOWS\System32\gdi32full.dll
0x00007fff1b980000 - 0x00007fff1ba1d000 	C:\WINDOWS\System32\msvcp_win.dll
0x00007fff08de0000 - 0x00007fff0907a000 	C:\WINDOWS\WinSxS\amd64_microsoft.windows.common-controls_6595b64144ccf1df_6.0.19041.1110_none_60b5254171f9507e\COMCTL32.dll
0x00007fff1d760000 - 0x00007fff1d7fe000 	C:\WINDOWS\System32\msvcrt.dll
0x00007fff1e0d0000 - 0x00007fff1e100000 	C:\WINDOWS\System32\IMM32.DLL
0x00007fff120c0000 - 0x00007fff120cc000 	D:\sts-4.11.0.RELEASE\plugins\org.eclipse.justj.openjdk.hotspot.jre.full.win32.x86_64_16.0.1.v20210528-1205\jre\bin\vcruntime140_1.dll
0x00007ffebfa70000 - 0x00007ffebfb01000 	D:\sts-4.11.0.RELEASE\plugins\org.eclipse.justj.openjdk.hotspot.jre.full.win32.x86_64_16.0.1.v20210528-1205\jre\bin\msvcp140.dll
0x00007ffebed80000 - 0x00007ffebf92b000 	D:\sts-4.11.0.RELEASE\plugins\org.eclipse.justj.openjdk.hotspot.jre.full.win32.x86_64_16.0.1.v20210528-1205\jre\bin\server\jvm.dll
0x00007fff1d8e0000 - 0x00007fff1d98e000 	C:\WINDOWS\System32\ADVAPI32.dll
0x00007fff1df60000 - 0x00007fff1dffc000 	C:\WINDOWS\System32\sechost.dll
0x00007fff1e100000 - 0x00007fff1e225000 	C:\WINDOWS\System32\RPCRT4.dll
0x00007fff1cb10000 - 0x00007fff1cb18000 	C:\WINDOWS\System32\PSAPI.DLL
0x00007fff057a0000 - 0x00007fff057a9000 	C:\WINDOWS\SYSTEM32\WSOCK32.dll
0x00007fff1cc30000 - 0x00007fff1cc9b000 	C:\WINDOWS\System32\WS2_32.dll
0x00007fff041d0000 - 0x00007fff041f7000 	C:\WINDOWS\SYSTEM32\WINMM.dll
0x00007fff119d0000 - 0x00007fff119da000 	C:\WINDOWS\SYSTEM32\VERSION.dll
0x00007fff19880000 - 0x00007fff19892000 	C:\WINDOWS\SYSTEM32\kernel.appcore.dll
0x00007fff12040000 - 0x00007fff1204a000 	D:\sts-4.11.0.RELEASE\plugins\org.eclipse.justj.openjdk.hotspot.jre.full.win32.x86_64_16.0.1.v20210528-1205\jre\bin\jimage.dll
0x00007fff17360000 - 0x00007fff17544000 	C:\WINDOWS\SYSTEM32\DBGHELP.DLL
0x00007fff04190000 - 0x00007fff041bc000 	C:\WINDOWS\SYSTEM32\dbgcore.DLL
0x00007fff1bbb0000 - 0x00007fff1bc32000 	C:\WINDOWS\System32\bcryptPrimitives.dll
0x00007ffedfa00000 - 0x00007ffedfa25000 	D:\sts-4.11.0.RELEASE\plugins\org.eclipse.justj.openjdk.hotspot.jre.full.win32.x86_64_16.0.1.v20210528-1205\jre\bin\java.dll
0x00007ffedf790000 - 0x00007ffedf7a8000 	D:\sts-4.11.0.RELEASE\plugins\org.eclipse.justj.openjdk.hotspot.jre.full.win32.x86_64_16.0.1.v20210528-1205\jre\bin\zip.dll
0x00007fff1cda0000 - 0x00007fff1d4e4000 	C:\WINDOWS\System32\SHELL32.dll
0x00007fff19a80000 - 0x00007fff1a214000 	C:\WINDOWS\SYSTEM32\windows.storage.dll
0x00007fff1da50000 - 0x00007fff1dda4000 	C:\WINDOWS\System32\combase.dll
0x00007fff1b310000 - 0x00007fff1b33c000 	C:\WINDOWS\SYSTEM32\Wldp.dll
0x00007fff1c330000 - 0x00007fff1c3dd000 	C:\WINDOWS\System32\SHCORE.dll
0x00007fff1cd30000 - 0x00007fff1cd85000 	C:\WINDOWS\System32\shlwapi.dll
0x00007fff1b8c0000 - 0x00007fff1b8df000 	C:\WINDOWS\SYSTEM32\profapi.dll
0x00007ffedf330000 - 0x00007ffedf349000 	D:\sts-4.11.0.RELEASE\plugins\org.eclipse.justj.openjdk.hotspot.jre.full.win32.x86_64_16.0.1.v20210528-1205\jre\bin\net.dll
0x00007fff095b0000 - 0x00007fff096ba000 	C:\WINDOWS\SYSTEM32\WINHTTP.dll
0x00007fff1b070000 - 0x00007fff1b0da000 	C:\WINDOWS\system32\mswsock.dll
0x00007ffecd570000 - 0x00007ffecd583000 	D:\sts-4.11.0.RELEASE\plugins\org.eclipse.justj.openjdk.hotspot.jre.full.win32.x86_64_16.0.1.v20210528-1205\jre\bin\nio.dll
0x00007fff08c00000 - 0x00007fff08c10000 	D:\sts-4.11.0.RELEASE\plugins\org.eclipse.justj.openjdk.hotspot.jre.full.win32.x86_64_16.0.1.v20210528-1205\jre\bin\verify.dll
0x00007fff08790000 - 0x00007fff08799000 	D:\sts-4.11.0.RELEASE\plugins\org.eclipse.justj.openjdk.hotspot.jre.full.win32.x86_64_16.0.1.v20210528-1205\jre\bin\management.dll
0x00007fff08610000 - 0x00007fff0861b000 	D:\sts-4.11.0.RELEASE\plugins\org.eclipse.justj.openjdk.hotspot.jre.full.win32.x86_64_16.0.1.v20210528-1205\jre\bin\management_ext.dll
0x00007ffeffb80000 - 0x00007ffeffb97000 	C:\WINDOWS\system32\napinsp.dll
0x00007fff02eb0000 - 0x00007fff02ecb000 	C:\WINDOWS\system32\pnrpnsp.dll
0x00007fff163c0000 - 0x00007fff163d5000 	C:\WINDOWS\system32\wshbth.dll
0x00007fff16e60000 - 0x00007fff16e7d000 	C:\WINDOWS\system32\NLAapi.dll
0x00007fff1ad60000 - 0x00007fff1ad9b000 	C:\WINDOWS\SYSTEM32\IPHLPAPI.DLL
0x00007fff1ada0000 - 0x00007fff1ae6b000 	C:\WINDOWS\SYSTEM32\DNSAPI.dll
0x00007fff1c2c0000 - 0x00007fff1c2c8000 	C:\WINDOWS\System32\NSI.dll
0x00007fff02df0000 - 0x00007fff02e02000 	C:\WINDOWS\System32\winrnr.dll
0x00007fff07170000 - 0x00007fff0717a000 	C:\Windows\System32\rasadhlp.dll
0x00007fff07990000 - 0x00007fff07a10000 	C:\WINDOWS\System32\fwpuclnt.dll
0x00007fff1c090000 - 0x00007fff1c0b7000 	C:\WINDOWS\System32\bcrypt.dll
0x00007fff1b270000 - 0x00007fff1b288000 	C:\WINDOWS\SYSTEM32\CRYPTSP.dll
0x00007fff1a9f0000 - 0x00007fff1aa24000 	C:\WINDOWS\system32\rsaenh.dll
0x00007fff1b840000 - 0x00007fff1b86e000 	C:\WINDOWS\SYSTEM32\USERENV.dll
0x00007fff1b260000 - 0x00007fff1b26c000 	C:\WINDOWS\SYSTEM32\CRYPTBASE.dll
0x00007fff0cc30000 - 0x00007fff0cc47000 	C:\WINDOWS\SYSTEM32\dhcpcsvc6.DLL
0x00007fff0cd00000 - 0x00007fff0cd1d000 	C:\WINDOWS\SYSTEM32\dhcpcsvc.DLL
0x00007fff087e0000 - 0x00007fff087ee000 	D:\sts-4.11.0.RELEASE\plugins\org.eclipse.justj.openjdk.hotspot.jre.full.win32.x86_64_16.0.1.v20210528-1205\jre\bin\sunmscapi.dll
0x00007fff1ba20000 - 0x00007fff1bb76000 	C:\WINDOWS\System32\CRYPT32.dll
0x00007fff1b3e0000 - 0x00007fff1b407000 	C:\WINDOWS\SYSTEM32\ncrypt.dll
0x00007fff1b340000 - 0x00007fff1b37b000 	C:\WINDOWS\SYSTEM32\NTASN1.dll

dbghelp: loaded successfully - version: 4.0.5 - missing functions: none
symbol engine: initialized successfully - sym options: 0x614 - pdb path: .;D:\sts-4.11.0.RELEASE\plugins\org.eclipse.justj.openjdk.hotspot.jre.full.win32.x86_64_16.0.1.v20210528-1205\jre\bin;C:\WINDOWS\SYSTEM32;C:\WINDOWS\WinSxS\amd64_microsoft.windows.common-controls_6595b64144ccf1df_6.0.19041.1110_none_60b5254171f9507e;D:\sts-4.11.0.RELEASE\plugins\org.eclipse.justj.openjdk.hotspot.jre.full.win32.x86_64_16.0.1.v20210528-1205\jre\bin\server

VM Arguments:
jvm_args: -Dfile.encoding=UTF-8 -XX:+ShowCodeDetailsInExceptionMessages 
java_command: com.example.demo1status.Demo1StatusApplication
java_class_path (initial): C:\Users\Anh Cuong Dau\Desktop\crudddddKAVA\demo1Status\target\classes;C:\Users\Anh Cuong Dau\.m2\repository\org\springframework\boot\spring-boot-starter-data-jpa\2.7.0\spring-boot-starter-data-jpa-2.7.0.jar;C:\Users\Anh Cuong Dau\.m2\repository\org\springframework\boot\spring-boot-starter-aop\2.7.0\spring-boot-starter-aop-2.7.0.jar;C:\Users\Anh Cuong Dau\.m2\repository\org\springframework\spring-aop\5.3.20\spring-aop-5.3.20.jar;C:\Users\Anh Cuong Dau\.m2\repository\org\aspectj\aspectjweaver\1.9.7\aspectjweaver-1.9.7.jar;C:\Users\Anh Cuong Dau\.m2\repository\org\springframework\boot\spring-boot-starter-jdbc\2.7.0\spring-boot-starter-jdbc-2.7.0.jar;C:\Users\Anh Cuong Dau\.m2\repository\com\zaxxer\HikariCP\4.0.3\HikariCP-4.0.3.jar;C:\Users\Anh Cuong Dau\.m2\repository\org\springframework\spring-jdbc\5.3.20\spring-jdbc-5.3.20.jar;C:\Users\Anh Cuong Dau\.m2\repository\jakarta\transaction\jakarta.transaction-api\1.3.3\jakarta.transaction-api-1.3.3.jar;C:\Users\Anh Cuong Dau\.m2\repository\jakarta\persistence\jakarta.persistence-api\2.2.3\jakarta.persistence-api-2.2.3.jar;C:\Users\Anh Cuong Dau\.m2\repository\org\hibernate\hibernate-core\5.6.9.Final\hibernate-core-5.6.9.Final.jar;C:\Users\Anh Cuong Dau\.m2\repository\org\jboss\logging\jboss-logging\3.4.3.Final\jboss-logging-3.4.3.Final.jar;C:\Users\Anh Cuong Dau\.m2\repository\net\bytebuddy\byte-buddy\1.12.10\byte-buddy-1.12.10.jar;C:\Users\Anh Cuong Dau\.m2\repository\antlr\antlr\2.7.7\antlr-2.7.7.jar;C:\Users\Anh Cuong Dau\.m2\repository\org\jboss\jandex\2.4.2.Final\jandex-2.4.2.Final.jar;C:\Users\Anh Cuong Dau\.m2\repository\com\fasterxml\classmate\1.5.1\classmate-1.5.1.jar;C:\Users\Anh Cuong Dau\.m2\repository\org\hibernate\common\hibernate-commons-annotations\5.1.2.Final\hibernate-commons-annotations-5.1.2.Final.jar;C:\Users\Anh Cuong Dau\.m2\repository\org\glassfish\jaxb\jaxb-runtime\2.3.6\jaxb-runtime-2.3.6.jar;C:\Users\Anh Cuong Dau\.m2\repository\org\glassfish\jaxb\txw2\2.3.6\txw2-2.3
Launcher Type: SUN_STANDARD

[Global flags]
     intx CICompilerCount                          = 3                                         {product} {ergonomic}
     uint ConcGCThreads                            = 1                                         {product} {ergonomic}
     uint G1ConcRefinementThreads                  = 4                                         {product} {ergonomic}
   size_t G1HeapRegionSize                         = 1048576                                   {product} {ergonomic}
    uintx GCDrainStackTargetSize                   = 64                                        {product} {ergonomic}
   size_t InitialHeapSize                          = 65011712                                  {product} {ergonomic}
   size_t MarkStackSize                            = 4194304                                   {product} {ergonomic}
   size_t MaxHeapSize                              = 1038090240                                {product} {ergonomic}
   size_t MaxNewSize                               = 622854144                                 {product} {ergonomic}
   size_t MinHeapDeltaBytes                        = 1048576                                   {product} {ergonomic}
   size_t MinHeapSize                              = 8388608                                   {product} {ergonomic}
    uintx NonNMethodCodeHeapSize                   = 5832780                                {pd product} {ergonomic}
    uintx NonProfiledCodeHeapSize                  = 122912730                              {pd product} {ergonomic}
    uintx ProfiledCodeHeapSize                     = 122912730                              {pd product} {ergonomic}
    uintx ReservedCodeCacheSize                    = 251658240                              {pd product} {ergonomic}
     bool SegmentedCodeCache                       = true                                      {product} {ergonomic}
     bool ShowCodeDetailsInExceptionMessages       = true                                   {manageable} {command line}
   size_t SoftMaxHeapSize                          = 1038090240                             {manageable} {ergonomic}
     bool UseCompressedClassPointers               = true                           {product lp64_product} {ergonomic}
     bool UseCompressedOops                        = true                           {product lp64_product} {ergonomic}
     bool UseG1GC                                  = true                                      {product} {ergonomic}
     bool UseLargePagesIndividualAllocation        = false                                  {pd product} {ergonomic}

Logging:
Log output configuration:
 #0: stdout all=warning uptime,level,tags
 #1: stderr all=off uptime,level,tags

Environment Variables:
PATH=D:/sts-4.11.0.RELEASE//plugins/org.eclipse.justj.openjdk.hotspot.jre.full.win32.x86_64_16.0.1.v20210528-1205/jre/bin/server;D:/sts-4.11.0.RELEASE//plugins/org.eclipse.justj.openjdk.hotspot.jre.full.win32.x86_64_16.0.1.v20210528-1205/jre/bin;C:\Program Files\Eclipse Foundation\jdk-8.0.302.8-hotspot\bin;C:\Program Files\Microsoft MPI\Bin\;C:\WINDOWS\system32;C:\WINDOWS;C:\WINDOWS\System32\Wbem;C:\WINDOWS\System32\WindowsPowerShell\v1.0\;C:\WINDOWS\System32\OpenSSH\;C:\Program Files\Java\jdk-13.0.2;C:\Program Files\Microsoft SQL Server\Client SDK\ODBC\130\Tools\Binn\;C:\Program Files (x86)\Microsoft SQL Server\140\Tools\Binn\;C:\Program Files\Microsoft SQL Server\140\Tools\Binn\;C:\Program Files\Microsoft SQL Server\140\DTS\Binn\;C:\Program Files (x86)\Microsoft SQL Server\140\DTS\Binn\;C:\Program Files\dotnet\;C:\Program Files\Microsoft SQL Server\130\Tools\Binn\;C:\Program Files\Microsoft SQL Server\Client SDK\ODBC\170\Tools\Binn\;C:\Program Files (x86)\dotnet\;C:\Program Files\nodejs\;C:\Program Files\Git\cmd;C:\Users\Anh Cuong Dau\AppData\Local\Microsoft\WindowsApps;;C:\Program Files\Azure Data Studio\bin;C:\Program Files\JetBrains\PyCharm 2020.3.3\bin;;C:\Users\Anh Cuong Dau\.dotnet\tools;C:\Program Files\JetBrains\PyCharm Community Edition 2021.1.1\bin;;C:\Users\Anh Cuong Dau\AppData\Local\Programs\Microsoft VS Code\bin;C:\Users\Anh Cuong Dau\AppData\Roaming\npm;D:\sts-4.11.0.RELEASE;
USERNAME=Anh Cuong Dau
OS=Windows_NT
PROCESSOR_IDENTIFIER=Intel64 Family 6 Model 78 Stepping 3, GenuineIntel



---------------  S Y S T E M  ---------------

OS:
 Windows 10 , 64 bit Build 19041 (10.0.19041.1706)
OS uptime: 0 days 1:59 hours

CPU: total 4 (initial active 4) (2 cores per cpu, 2 threads per core) family 6 model 78 stepping 3 microcode 0xcc, cx8, cmov, fxsr, ht, mmx, 3dnowpref, sse, sse2, sse3, ssse3, sse4.1, sse4.2, popcnt, lzcnt, tsc, tscinvbit, avx, avx2, aes, erms, clmul, bmi1, bmi2, adx, fma, vzeroupper, clflush, clflushopt

Memory: 4k page, system-wide physical 3957M (195M free)
TotalPageFile size 11125M (AvailPageFile size 1M)
current process WorkingSet (physical memory assigned to process): 213M, peak: 215M
current process commit charge ("private bytes"): 237M, peak: 239M

vm_info: OpenJDK 64-Bit Server VM (16.0.1+9-24) for windows-amd64 JRE (16.0.1+9-24), built on Mar 26 2021 19:30:07 by "mach5one" with MS VC++ 16.7 (VS2019)

END.
